[09-16 12:31:46]: [INFO] Created column 'regdate' and set the current timestamp, 1537075906343, to all 0 rows
[09-16 12:31:47]: [INFO] SQLite Setup finished
[09-16 12:31:47]: [INFO] Hooked into PermissionsEx!
[09-16 12:31:47]: [INFO] Hooked successfully into Essentials
[09-16 12:31:47]: [INFO] Hooked successfully into Multiverse-Core
[09-16 12:31:47]: [WARN] WARNING! The protectInventory feature requires ProtocolLib! Disabling it...
[09-16 12:31:47]: [INFO] Development builds are available on our jenkins, thanks to f14stelt.
[09-16 12:31:47]: [INFO] Do you want a good game server? Look at our sponsor GameHosting.it leader in Italy as Game Server Provider!
[09-16 12:31:47]: [INFO] AuthMe 5.4.0 build n.1877 correctly enabled!
[09-16 12:33:26]: [FINE] topcast registered 127.0.0.1
[09-16 12:33:26]: [FINE] topcast logged in!
[09-16 12:36:07]: [INFO] AuthMe 5.4.0-b1877 disabled!
[09-16 12:36:17]: [INFO] SQLite Setup finished
[09-16 12:36:17]: [INFO] Hooked into PermissionsEx!
[09-16 12:36:17]: [INFO] [LICENSE] This product uses data from the GeoLite API created by MaxMind, available at http://www.maxmind.com
[09-16 12:36:17]: [INFO] Hooked successfully into Essentials
[09-16 12:36:17]: [INFO] Hooked successfully into Multiverse-Core
[09-16 12:36:17]: [WARN] WARNING! The protectInventory feature requires ProtocolLib! Disabling it...
[09-16 12:36:17]: [INFO] Development builds are available on our jenkins, thanks to f14stelt.
[09-16 12:36:17]: [INFO] Do you want a good game server? Look at our sponsor GameHosting.it leader in Italy as Game Server Provider!
[09-16 12:36:17]: [INFO] AuthMe 5.4.0 build n.1877 correctly enabled!
[09-16 12:36:28]: [FINE] theklaoww registered 25.47.233.229
[09-16 12:36:28]: [FINE] theklaoww logged in!
[09-16 12:38:53]: [FINE] theklaoww used the wrong password
[09-16 12:38:55]: [FINE] topcast logged in!
[09-16 12:39:01]: [FINE] theklaoww logged in!
[09-16 12:44:59]: [INFO] AuthMe 5.4.0-b1877 disabled!
[09-16 12:45:07]: [INFO] SQLite Setup finished
[09-16 12:45:08]: [INFO] Hooked into PermissionsEx!
[09-16 12:45:08]: [INFO] [LICENSE] This product uses data from the GeoLite API created by MaxMind, available at http://www.maxmind.com
[09-16 12:45:08]: [INFO] Hooked successfully into Essentials
[09-16 12:45:08]: [INFO] Hooked successfully into Multiverse-Core
[09-16 12:45:08]: [WARN] WARNING! The protectInventory feature requires ProtocolLib! Disabling it...
[09-16 12:45:08]: [INFO] Development builds are available on our jenkins, thanks to f14stelt.
[09-16 12:45:08]: [INFO] Do you want a good game server? Look at our sponsor GameHosting.it leader in Italy as Game Server Provider!
[09-16 12:45:08]: [INFO] AuthMe 5.4.0 build n.1877 correctly enabled!
[09-16 12:45:42]: [FINE] theklaoww logged in!
[09-16 12:45:45]: [FINE] topcast logged in!
[09-16 12:46:20]: [FINE] TSCH registered 25.66.6.243
[09-16 12:46:20]: [FINE] TSCH logged in!
[09-16 13:06:39]: [INFO] AuthMe 5.4.0-b1877 disabled!
[09-16 13:06:50]: [INFO] SQLite Setup finished
[09-16 13:06:50]: [INFO] Hooked into PermissionsEx!
[09-16 13:06:50]: [INFO] [LICENSE] This product uses data from the GeoLite API created by MaxMind, available at http://www.maxmind.com
[09-16 13:06:50]: [INFO] Hooked successfully into Essentials
[09-16 13:06:50]: [INFO] Hooked successfully into Multiverse-Core
[09-16 13:06:51]: [WARN] WARNING! The protectInventory feature requires ProtocolLib! Disabling it...
[09-16 13:06:51]: [INFO] Development builds are available on our jenkins, thanks to f14stelt.
[09-16 13:06:51]: [INFO] Do you want a good game server? Look at our sponsor GameHosting.it leader in Italy as Game Server Provider!
[09-16 13:06:51]: [INFO] AuthMe 5.4.0 build n.1877 correctly enabled!
[09-16 13:07:00]: [FINE] theklaoww logged in!
[09-16 13:07:55]: [FINE] topcast logged in!
[09-16 13:08:02]: [FINE] TSCH logged in!
[09-16 13:31:31]: [INFO] AuthMe 5.4.0-b1877 disabled!
[09-16 13:31:41]: [INFO] SQLite Setup finished
[09-16 13:31:41]: [INFO] Hooked into PermissionsEx!
[09-16 13:31:41]: [INFO] [LICENSE] This product uses data from the GeoLite API created by MaxMind, available at http://www.maxmind.com
[09-16 13:31:41]: [INFO] Hooked successfully into Essentials
[09-16 13:31:41]: [INFO] Hooked successfully into Multiverse-Core
[09-16 13:31:41]: [WARN] WARNING! The protectInventory feature requires ProtocolLib! Disabling it...
[09-16 13:31:41]: [INFO] Development builds are available on our jenkins, thanks to f14stelt.
[09-16 13:31:41]: [INFO] Do you want a good game server? Look at our sponsor GameHosting.it leader in Italy as Game Server Provider!
[09-16 13:31:41]: [INFO] AuthMe 5.4.0 build n.1877 correctly enabled!
[09-16 13:32:02]: [FINE] theklaoww logged in!
[09-16 13:32:10]: [FINE] topcast logged in!
[09-16 13:33:11]: [FINE] topcast logged in!
[09-16 13:35:02]: [FINE] TSCH used the wrong password
[09-16 13:35:22]: [FINE] topcast used the wrong password
[09-16 13:35:25]: [FINE] TSCH used the wrong password
[09-16 13:35:38]: [FINE] topcast logged in!
[09-16 13:37:12]: [FINE] TSCH logged in!
[09-16 13:39:45]: [FINE] theklaoww logged in!
[09-16 13:41:28]: [INFO] AuthMe 5.4.0-b1877 disabled!
[09-16 13:41:41]: [INFO] SQLite Setup finished
[09-16 13:41:41]: [INFO] Hooked into PermissionsEx!
[09-16 13:41:41]: [INFO] [LICENSE] This product uses data from the GeoLite API created by MaxMind, available at http://www.maxmind.com
[09-16 13:41:41]: [INFO] Hooked successfully into Essentials
[09-16 13:41:41]: [INFO] Hooked successfully into Multiverse-Core
[09-16 13:41:41]: [WARN] WARNING! The protectInventory feature requires ProtocolLib! Disabling it...
[09-16 13:41:41]: [INFO] Development builds are available on our jenkins, thanks to f14stelt.
[09-16 13:41:41]: [INFO] Do you want a good game server? Look at our sponsor GameHosting.it leader in Italy as Game Server Provider!
[09-16 13:41:41]: [INFO] AuthMe 5.4.0 build n.1877 correctly enabled!
[09-16 13:42:00]: [FINE] theklaoww logged in!
[09-16 13:42:17]: [FINE] topcast used the wrong password
[09-16 13:42:31]: [FINE] topcast logged in!
[09-16 13:45:55]: [FINE] TSCH logged in!
[09-16 14:02:43]: [FINE] TSCH logged in!
[09-16 14:24:06]: [FINE] topcast logged in!
[09-16 14:28:41]: [INFO] AuthMe 5.4.0-b1877 disabled!
[09-16 14:28:54]: [INFO] SQLite Setup finished
[09-16 14:28:54]: [INFO] Hooked into PermissionsEx!
[09-16 14:28:54]: [INFO] Hooked successfully into Essentials
[09-16 14:28:54]: [INFO] Hooked successfully into Multiverse-Core
[09-16 14:28:54]: [INFO] [LICENSE] This product uses data from the GeoLite API created by MaxMind, available at http://www.maxmind.com
[09-16 14:28:54]: [WARN] WARNING! The protectInventory feature requires ProtocolLib! Disabling it...
[09-16 14:28:54]: [INFO] Development builds are available on our jenkins, thanks to f14stelt.
[09-16 14:28:54]: [INFO] Do you want a good game server? Look at our sponsor GameHosting.it leader in Italy as Game Server Provider!
[09-16 14:28:54]: [INFO] AuthMe 5.4.0 build n.1877 correctly enabled!
[09-16 14:29:17]: [FINE] topcast used the wrong password
[09-16 14:29:21]: [FINE] topcast logged in!
[09-16 14:33:34]: [FINE] topcaster registered 127.0.0.1
[09-16 14:33:34]: [FINE] topcaster logged in!
[09-16 14:44:16]: [INFO] AuthMe 5.4.0-b1877 disabled!
[09-16 14:44:31]: [INFO] SQLite Setup finished
[09-16 14:44:31]: [INFO] Hooked into PermissionsEx!
[09-16 14:44:31]: [INFO] [LICENSE] This product uses data from the GeoLite API created by MaxMind, available at http://www.maxmind.com
[09-16 14:44:31]: [INFO] Hooked successfully into Essentials
[09-16 14:44:31]: [INFO] Hooked successfully into Multiverse-Core
[09-16 14:44:31]: [WARN] WARNING! The protectInventory feature requires ProtocolLib! Disabling it...
[09-16 14:44:31]: [INFO] Development builds are available on our jenkins, thanks to f14stelt.
[09-16 14:44:31]: [INFO] Do you want a good game server? Look at our sponsor GameHosting.it leader in Italy as Game Server Provider!
[09-16 14:44:31]: [INFO] AuthMe 5.4.0 build n.1877 correctly enabled!
[09-16 14:44:40]: [FINE] topcaster used the wrong password
[09-16 14:44:43]: [FINE] topcast logged in!
[09-16 14:44:48]: [FINE] topcaster logged in!
[09-16 14:48:14]: [INFO] AuthMe 5.4.0-b1877 disabled!
[09-16 14:48:25]: [INFO] SQLite Setup finished
[09-16 14:48:26]: [INFO] Hooked into PermissionsEx!
[09-16 14:48:26]: [INFO] [LICENSE] This product uses data from the GeoLite API created by MaxMind, available at http://www.maxmind.com
[09-16 14:48:26]: [INFO] Hooked successfully into Essentials
[09-16 14:48:26]: [INFO] Hooked successfully into Multiverse-Core
[09-16 14:48:26]: [WARN] WARNING! The protectInventory feature requires ProtocolLib! Disabling it...
[09-16 14:48:26]: [INFO] Development builds are available on our jenkins, thanks to f14stelt.
[09-16 14:48:26]: [INFO] Do you want a good game server? Look at our sponsor GameHosting.it leader in Italy as Game Server Provider!
[09-16 14:48:26]: [INFO] AuthMe 5.4.0 build n.1877 correctly enabled!
[09-16 14:48:36]: [FINE] topcaster logged in!
[09-16 14:48:39]: [FINE] topcast logged in!
[09-16 15:03:09]: [FINE] TSCH logged in!
[09-16 15:04:19]: [INFO] AuthMe 5.4.0-b1877 disabled!
[09-16 15:04:31]: [INFO] SQLite Setup finished
[09-16 15:04:31]: [INFO] Hooked into PermissionsEx!
[09-16 15:04:31]: [INFO] Hooked successfully into Essentials
[09-16 15:04:31]: [INFO] Hooked successfully into Multiverse-Core
[09-16 15:04:31]: [INFO] [LICENSE] This product uses data from the GeoLite API created by MaxMind, available at http://www.maxmind.com
[09-16 15:04:31]: [WARN] WARNING! The protectInventory feature requires ProtocolLib! Disabling it...
[09-16 15:04:31]: [INFO] Development builds are available on our jenkins, thanks to f14stelt.
[09-16 15:04:31]: [INFO] Do you want a good game server? Look at our sponsor GameHosting.it leader in Italy as Game Server Provider!
[09-16 15:04:31]: [INFO] AuthMe 5.4.0 build n.1877 correctly enabled!
[09-16 15:04:46]: [FINE] topcast logged in!
[09-16 15:04:46]: [FINE] TSCH logged in!
[09-16 15:04:48]: [FINE] topcaster logged in!
[09-16 15:07:34]: [INFO] AuthMe 5.4.0-b1877 disabled!
[09-16 15:07:46]: [INFO] SQLite Setup finished
[09-16 15:07:46]: [INFO] Hooked into PermissionsEx!
[09-16 15:07:46]: [INFO] [LICENSE] This product uses data from the GeoLite API created by MaxMind, available at http://www.maxmind.com
[09-16 15:07:46]: [INFO] Hooked successfully into Essentials
[09-16 15:07:46]: [INFO] Hooked successfully into Multiverse-Core
[09-16 15:07:46]: [WARN] WARNING! The protectInventory feature requires ProtocolLib! Disabling it...
[09-16 15:07:46]: [INFO] Development builds are available on our jenkins, thanks to f14stelt.
[09-16 15:07:46]: [INFO] Do you want a good game server? Look at our sponsor GameHosting.it leader in Italy as Game Server Provider!
[09-16 15:07:46]: [INFO] AuthMe 5.4.0 build n.1877 correctly enabled!
[09-16 15:07:57]: [FINE] topcaster logged in!
[09-16 15:09:46]: [INFO] AuthMe 5.4.0-b1877 disabled!
[09-16 15:09:59]: [INFO] SQLite Setup finished
[09-16 15:09:59]: [INFO] Hooked into PermissionsEx!
[09-16 15:09:59]: [INFO] Hooked successfully into Essentials
[09-16 15:09:59]: [INFO] Hooked successfully into Multiverse-Core
[09-16 15:09:59]: [INFO] [LICENSE] This product uses data from the GeoLite API created by MaxMind, available at http://www.maxmind.com
[09-16 15:09:59]: [WARN] WARNING! The protectInventory feature requires ProtocolLib! Disabling it...
[09-16 15:09:59]: [INFO] Development builds are available on our jenkins, thanks to f14stelt.
[09-16 15:09:59]: [INFO] Do you want a good game server? Look at our sponsor GameHosting.it leader in Italy as Game Server Provider!
[09-16 15:09:59]: [INFO] AuthMe 5.4.0 build n.1877 correctly enabled!
[09-16 15:10:43]: [FINE] topcaster logged in!
[09-16 15:11:10]: [FINE] topcast logged in!
[09-16 15:11:57]: [FINE] TSCH logged in!
[09-16 15:23:47]: [INFO] AuthMe 5.4.0-b1877 disabled!
