09-10-2561 01:34 [INFO] [MyPet] Enabling MyPet v2.3.5
09-10-2561 01:34 [INFO] [MyPet] No Update available.
09-10-2561 01:34 [INFO] [MyPet] Vault (1.5.6-b49) (Economy: Essentials Economy) hook activated.
09-10-2561 01:34 [INFO] [MyPet] WorldGuard (6.2.2-SNAPSHOT;8eeab68) hook activated.
09-10-2561 01:34 [INFO] [MyPet] Compat mode for v1_12_R1 loaded.
09-10-2561 01:34 [INFO] [MyPet] Default skilltree file created (default.st).
09-10-2561 01:34 [INFO] [MyPet] No groups found. Everything will be in 'default' group.
09-10-2561 01:34 [INFO] [MyPet] --- Loading WorldGroups ---------------------------
09-10-2561 01:34 [INFO] [MyPet] added world to 'default' group.
09-10-2561 01:34 [INFO] [MyPet] added world_nether to 'default' group.
09-10-2561 01:34 [INFO] [MyPet] added world_the_end to 'default' group.
09-10-2561 01:34 [INFO] [MyPet] -------------------------------------------------
09-10-2561 01:34 [INFO] [MyPet] version 2.3.5-b1239 ENABLED
09-10-2561 01:34 [INFO] [MyPet] Disabling MyPet v2.3.5
09-10-2561 01:34 [INFO] [MyPet] Enabling MyPet v2.3.5
09-10-2561 01:34 [INFO] [MyPet] No Update available.
09-10-2561 01:34 [INFO] [MyPet] Vault (1.5.6-b49) (Economy: Essentials Economy) hook activated.
09-10-2561 01:34 [INFO] [MyPet] WorldGuard (6.2.2-SNAPSHOT;8eeab68) hook activated.
09-10-2561 01:34 [INFO] [MyPet] Compat mode for v1_12_R1 loaded.
09-10-2561 01:34 [INFO] [MyPet] --- Loading WorldGroups ---------------------------
09-10-2561 01:34 [INFO] [MyPet]    added 'world' to 'default'
09-10-2561 01:34 [INFO] [MyPet]    added 'world_nether' to 'default'
09-10-2561 01:34 [INFO] [MyPet]    added 'world_the_end' to 'default'
09-10-2561 01:34 [INFO] [MyPet] -------------------------------------------------
09-10-2561 01:34 [INFO] [MyPet] version 2.3.5-b1239 ENABLED
09-10-2561 01:43 [INFO] [MyPet] Disabling MyPet v2.3.5
09-10-2561 01:43 [INFO] [MyPet] Enabling MyPet v2.3.5
09-10-2561 01:43 [INFO] [MyPet] No Update available.
09-10-2561 01:43 [INFO] [MyPet] Vault (1.5.6-b49) (Economy: Essentials Economy) hook activated.
09-10-2561 01:43 [INFO] [MyPet] WorldGuard (6.2.2-SNAPSHOT;8eeab68) hook activated.
09-10-2561 01:43 [INFO] [MyPet] Compat mode for v1_12_R1 loaded.
09-10-2561 01:43 [INFO] [MyPet] --- Loading WorldGroups ---------------------------
09-10-2561 01:43 [INFO] [MyPet]    added 'world' to 'default'
09-10-2561 01:43 [INFO] [MyPet]    added 'world_nether' to 'default'
09-10-2561 01:43 [INFO] [MyPet]    added 'world_the_end' to 'default'
09-10-2561 01:43 [INFO] [MyPet] -------------------------------------------------
09-10-2561 01:43 [INFO] [MyPet] version 2.3.5-b1239 ENABLED
09-10-2561 01:49 [INFO] [MyPet] Disabling MyPet v2.3.5
09-10-2561 01:49 [INFO] [MyPet] Enabling MyPet v2.3.5
09-10-2561 01:49 [INFO] [MyPet] No Update available.
09-10-2561 01:49 [INFO] [MyPet] Vault (1.5.6-b49) (Economy: Essentials Economy) hook activated.
09-10-2561 01:49 [INFO] [MyPet] WorldGuard (6.2.2-SNAPSHOT;8eeab68) hook activated.
09-10-2561 01:49 [INFO] [MyPet] Compat mode for v1_12_R1 loaded.
09-10-2561 01:49 [INFO] [MyPet] --- Loading WorldGroups ---------------------------
09-10-2561 01:49 [INFO] [MyPet]    added 'world' to 'default'
09-10-2561 01:49 [INFO] [MyPet]    added 'world_nether' to 'default'
09-10-2561 01:49 [INFO] [MyPet]    added 'world_the_end' to 'default'
09-10-2561 01:49 [INFO] [MyPet] -------------------------------------------------
09-10-2561 01:49 [INFO] [MyPet] version 2.3.5-b1239 ENABLED
09-10-2561 01:51 [INFO] [MyPet] Disabling MyPet v2.3.5
